2025-05-23 11:29:35.742 | INFO     | __main__:<module>:390 - This marks the start of the bUE service at 2025-05-23_11-29-35
2025-05-23 11:29:35.742 | ERROR    | __main__:__init__:46 - __init__: YAML file config_bue_4.yaml not found
2025-05-23 11:30:12.949 | INFO     | __main__:<module>:390 - This marks the start of the bUE service at 2025-05-23_11-30-12
2025-05-23 11:30:12.952 | INFO     | __main__:__init__:42 - __init__: Loading config.yaml; items are:
2025-05-23 11:30:12.952 | INFO     | __main__:__init__:44 -   OTA_PORT: /dev/serial/by-id/usb-Silicon_Labs_CP2102_USB_to_UART_Bridge_Controller_0001-if00-port0
2025-05-23 11:30:12.952 | INFO     | __main__:__init__:44 -   OTA_ID: 5
2025-05-23 11:30:12.953 | INFO     | __main__:__init__:44 -   OTA_BAUDRATE: 9600
2025-05-23 11:30:12.963 | INFO     | __main__:__init__:55 - __init__: Initializing current state to INIT
2025-05-23 11:30:12.981 | INFO     | __main__:state_change_logger:255 - state_change_logger: State changed from INIT to CONNECT_OTA
2025-05-23 11:30:15.800 | INFO     | __main__:ota_connect_req:117 - ota_connect_req: OTA device connected to base station 1
2025-05-23 11:30:15.801 | INFO     | __main__:state_change_logger:255 - state_change_logger: State changed from CONNECT_OTA to IDLE
2025-05-23 11:30:45.614 | INFO     | __main__:ota_idle_ping:159 - Got a PINGR from 1
2025-05-23 11:31:00.579 | INFO     | __main__:ota_idle_ping:159 - Got a PINGR from 1
2025-05-23 11:31:15.866 | INFO     | __main__:ota_idle_ping:159 - Got a PINGR from 1
2025-05-23 11:31:30.559 | INFO     | __main__:ota_idle_ping:159 - Got a PINGR from 1
2025-05-23 11:31:45.285 | INFO     | __main__:ota_idle_ping:159 - Got a PINGR from 1
2025-05-23 11:31:59.632 | INFO     | __main__:ota_idle_ping:159 - Got a PINGR from 1
2025-05-23 11:32:14.073 | INFO     | __main__:ota_idle_ping:159 - Got a PINGR from 1
2025-05-23 11:32:28.727 | INFO     | __main__:ota_idle_ping:159 - Got a PINGR from 1
2025-05-23 11:32:43.277 | INFO     | __main__:ota_idle_ping:159 - Got a PINGR from 1
2025-05-23 11:32:57.481 | INFO     | __main__:ota_idle_ping:159 - Got a PINGR from 1
2025-05-23 11:33:11.981 | INFO     | __main__:ota_idle_ping:159 - Got a PINGR from 1
2025-05-23 11:33:25.801 | INFO     | __main__:ota_idle_ping:159 - Got a PINGR from 1
2025-05-23 11:33:39.831 | INFO     | __main__:ota_idle_ping:159 - Got a PINGR from 1
2025-05-23 11:33:39.877 | INFO     | __main__:state_change_logger:255 - state_change_logger: State changed from IDLE to UTW_TEST
2025-05-23 11:33:39.983 | INFO     | __main__:test_handler:207 - [helloworld.py STDOUT] Hello World!
2025-05-23 11:33:49.994 | INFO     | __main__:test_handler:207 - [helloworld.py STDOUT] Hello World!
2025-05-23 11:33:54.077 | INFO     | __main__:ota_send_upd:234 - Sent UPD to 1
2025-05-23 11:34:00.010 | INFO     | __main__:test_handler:209 - Started test script: helloworld.py with config 2
2025-05-23 11:34:00.022 | INFO     | __main__:test_handler:215 - helloworld.py completed successfully.
2025-05-23 11:34:00.061 | INFO     | __main__:state_change_logger:255 - state_change_logger: State changed from UTW_TEST to IDLE
2025-05-23 11:34:15.865 | INFO     | __main__:ota_idle_ping:159 - Got a PINGR from 1
2025-05-23 11:34:31.149 | INFO     | __main__:ota_idle_ping:159 - Got a PINGR from 1
2025-05-23 11:34:45.280 | INFO     | __main__:ota_idle_ping:159 - Got a PINGR from 1
2025-05-23 11:34:59.999 | INFO     | __main__:ota_idle_ping:159 - Got a PINGR from 1
2025-05-23 11:35:14.307 | INFO     | __main__:ota_idle_ping:159 - Got a PINGR from 1
2025-05-23 11:35:29.012 | INFO     | __main__:ota_idle_ping:159 - Got a PINGR from 1
2025-05-23 11:35:43.390 | INFO     | __main__:ota_idle_ping:159 - Got a PINGR from 1
2025-05-23 11:35:58.371 | INFO     | __main__:ota_idle_ping:159 - Got a PINGR from 1
2025-05-23 11:36:13.382 | INFO     | __main__:ota_idle_ping:159 - Got a PINGR from 1
2025-05-23 11:36:27.476 | INFO     | __main__:ota_idle_ping:159 - Got a PINGR from 1
2025-05-23 11:36:41.253 | INFO     | __main__:ota_idle_ping:159 - Got a PINGR from 1
2025-05-23 11:36:55.794 | INFO     | __main__:ota_idle_ping:159 - Got a PINGR from 1
2025-05-23 11:37:10.398 | INFO     | __main__:ota_idle_ping:159 - Got a PINGR from 1
2025-05-23 11:37:24.501 | INFO     | __main__:ota_idle_ping:159 - Got a PINGR from 1
2025-05-23 11:37:39.252 | INFO     | __main__:ota_idle_ping:159 - Got a PINGR from 1
2025-05-23 11:37:54.225 | INFO     | __main__:ota_idle_ping:159 - Got a PINGR from 1
2025-05-23 11:38:09.148 | INFO     | __main__:ota_idle_ping:159 - Got a PINGR from 1
2025-05-23 11:38:24.359 | INFO     | __main__:ota_idle_ping:159 - Got a PINGR from 1
2025-05-23 11:38:38.688 | INFO     | __main__:ota_idle_ping:159 - Got a PINGR from 1
2025-05-23 11:38:54.059 | INFO     | __main__:ota_idle_ping:159 - Got a PINGR from 1
2025-05-23 11:39:08.749 | INFO     | __main__:ota_idle_ping:159 - Got a PINGR from 1
2025-05-23 11:39:24.615 | INFO     | __main__:ota_idle_ping:159 - Got a PINGR from 1
2025-05-23 11:39:39.801 | INFO     | __main__:ota_idle_ping:159 - Got a PINGR from 1
2025-05-23 11:39:54.216 | INFO     | __main__:ota_idle_ping:159 - Got a PINGR from 1
2025-05-23 11:40:08.670 | INFO     | __main__:ota_idle_ping:159 - Got a PINGR from 1
2025-05-23 11:40:23.931 | INFO     | __main__:ota_idle_ping:159 - Got a PINGR from 1
2025-05-23 11:40:39.798 | INFO     | __main__:ota_idle_ping:159 - Got a PINGR from 1
2025-05-23 11:40:55.087 | INFO     | __main__:ota_idle_ping:159 - Got a PINGR from 1
2025-05-23 11:41:10.453 | INFO     | __main__:ota_idle_ping:159 - Got a PINGR from 1
2025-05-23 11:41:25.147 | INFO     | __main__:ota_idle_ping:159 - Got a PINGR from 1
2025-05-23 11:41:39.747 | INFO     | __main__:ota_idle_ping:159 - Got a PINGR from 1
2025-05-23 11:41:54.557 | INFO     | __main__:ota_idle_ping:159 - Got a PINGR from 1
2025-05-23 11:42:08.952 | INFO     | __main__:ota_idle_ping:159 - Got a PINGR from 1
2025-05-23 11:42:23.280 | INFO     | __main__:ota_idle_ping:159 - Got a PINGR from 1
2025-05-23 11:42:37.862 | INFO     | __main__:ota_idle_ping:159 - Got a PINGR from 1
2025-05-23 11:42:53.135 | INFO     | __main__:ota_idle_ping:159 - Got a PINGR from 1
2025-05-23 11:43:08.167 | INFO     | __main__:ota_idle_ping:159 - Got a PINGR from 1
2025-05-23 11:43:23.224 | INFO     | __main__:ota_idle_ping:159 - Got a PINGR from 1
2025-05-23 11:43:37.885 | INFO     | __main__:ota_idle_ping:159 - Got a PINGR from 1
2025-05-23 11:43:52.205 | INFO     | __main__:ota_idle_ping:159 - Got a PINGR from 1
2025-05-23 11:44:06.787 | INFO     | __main__:ota_idle_ping:159 - Got a PINGR from 1
2025-05-23 11:44:21.323 | INFO     | __main__:ota_idle_ping:159 - Got a PINGR from 1
2025-05-23 11:44:35.953 | INFO     | __main__:ota_idle_ping:159 - Got a PINGR from 1
2025-05-23 11:44:49.918 | INFO     | __main__:ota_idle_ping:159 - Got a PINGR from 1
2025-05-23 11:45:04.857 | INFO     | __main__:ota_idle_ping:159 - Got a PINGR from 1
2025-05-23 11:45:19.148 | INFO     | __main__:ota_idle_ping:159 - Got a PINGR from 1
2025-05-23 11:45:33.218 | INFO     | __main__:ota_idle_ping:159 - Got a PINGR from 1
2025-05-23 11:45:48.333 | INFO     | __main__:ota_idle_ping:159 - Got a PINGR from 1
2025-05-23 11:46:03.708 | INFO     | __main__:ota_idle_ping:159 - Got a PINGR from 1
2025-05-23 11:46:34.725 | INFO     | __main__:ota_idle_ping:159 - Got a PINGR from 1
2025-05-23 11:46:48.886 | INFO     | __main__:ota_idle_ping:159 - Got a PINGR from 1
2025-05-23 11:47:03.000 | INFO     | __main__:ota_idle_ping:159 - Got a PINGR from 1
2025-05-23 11:47:17.468 | INFO     | __main__:ota_idle_ping:159 - Got a PINGR from 1
2025-05-23 11:47:31.794 | INFO     | __main__:ota_idle_ping:159 - Got a PINGR from 1
2025-05-23 11:47:46.536 | INFO     | __main__:ota_idle_ping:159 - Got a PINGR from 1
2025-05-23 11:48:01.479 | INFO     | __main__:ota_idle_ping:159 - Got a PINGR from 1
2025-05-23 11:48:06.756 | INFO     | __main__:<module>:404 - Exiting the bUE service
2025-05-27 15:05:33.981 | INFO     | __main__:<module>:390 - This marks the start of the bUE service at 2025-05-27_15-05-33
2025-05-27 15:05:33.984 | INFO     | __main__:__init__:42 - __init__: Loading config.yaml; items are:
2025-05-27 15:05:33.984 | INFO     | __main__:__init__:44 -   OTA_PORT: /dev/serial/by-id/usb-Silicon_Labs_CP2102_USB_to_UART_Bridge_Controller_0001-if00-port0
2025-05-27 15:05:33.984 | INFO     | __main__:__init__:44 -   OTA_ID: 5
2025-05-27 15:05:33.984 | INFO     | __main__:__init__:44 -   OTA_BAUDRATE: 9600
2025-05-27 15:05:33.995 | INFO     | __main__:__init__:55 - __init__: Initializing current state to INIT
2025-05-27 15:05:34.007 | INFO     | __main__:state_change_logger:255 - state_change_logger: State changed from INIT to CONNECT_OTA
2025-05-27 15:06:46.576 | INFO     | __main__:<module>:404 - Exiting the bUE service
2025-05-27 15:08:34.897 | INFO     | __main__:<module>:390 - This marks the start of the bUE service at 2025-05-27_15-08-34
2025-05-27 15:08:34.899 | INFO     | __main__:__init__:42 - __init__: Loading config.yaml; items are:
2025-05-27 15:08:34.899 | INFO     | __main__:__init__:44 -   OTA_PORT: /dev/serial/by-id/usb-Silicon_Labs_CP2102_USB_to_UART_Bridge_Controller_0001-if00-port0
2025-05-27 15:08:34.899 | INFO     | __main__:__init__:44 -   OTA_ID: 20
2025-05-27 15:08:34.899 | INFO     | __main__:__init__:44 -   OTA_BAUDRATE: 9600
2025-05-27 15:08:34.911 | INFO     | __main__:__init__:55 - __init__: Initializing current state to INIT
2025-05-27 15:08:34.923 | INFO     | __main__:state_change_logger:255 - state_change_logger: State changed from INIT to CONNECT_OTA
2025-05-27 15:09:36.153 | INFO     | __main__:<module>:404 - Exiting the bUE service
2025-05-27 15:10:38.205 | INFO     | __main__:<module>:390 - This marks the start of the bUE service at 2025-05-27_15-10-38
2025-05-27 15:10:38.207 | INFO     | __main__:__init__:42 - __init__: Loading config.yaml; items are:
2025-05-27 15:10:38.207 | INFO     | __main__:__init__:44 -   OTA_PORT: /dev/ttyUSB0
2025-05-27 15:10:38.208 | INFO     | __main__:__init__:44 -   OTA_ID: 20
2025-05-27 15:10:38.208 | INFO     | __main__:__init__:44 -   OTA_BAUDRATE: 9600
2025-05-27 15:10:38.216 | INFO     | __main__:__init__:55 - __init__: Initializing current state to INIT
2025-05-27 15:10:38.227 | INFO     | __main__:state_change_logger:255 - state_change_logger: State changed from INIT to CONNECT_OTA
2025-05-27 15:11:56.457 | INFO     | __main__:<module>:404 - Exiting the bUE service
2025-05-27 15:11:58.188 | INFO     | __main__:<module>:390 - This marks the start of the bUE service at 2025-05-27_15-11-58
2025-05-27 15:11:58.190 | INFO     | __main__:__init__:42 - __init__: Loading config.yaml; items are:
2025-05-27 15:11:58.191 | INFO     | __main__:__init__:44 -   OTA_PORT: /dev/ttyUSB0
2025-05-27 15:11:58.191 | INFO     | __main__:__init__:44 -   OTA_ID: 20
2025-05-27 15:11:58.191 | INFO     | __main__:__init__:44 -   OTA_BAUDRATE: 9600
2025-05-27 15:11:58.199 | INFO     | __main__:__init__:55 - __init__: Initializing current state to INIT
2025-05-27 15:11:58.211 | INFO     | __main__:state_change_logger:255 - state_change_logger: State changed from INIT to CONNECT_OTA
2025-05-27 15:12:39.041 | INFO     | __main__:<module>:404 - Exiting the bUE service
